\BOOKMARK [0][]{chapter.1}{\376\377\0001\000\040\000I\000n\000t\000r\000o\000d\000u\000c\000t\000i\000o\000n}{}% 1
\BOOKMARK [0][]{chapter.2}{\376\377\0002\000\040\000R\000e\000l\000a\000t\000e\000d\000\040\000W\000o\000r\000k}{}% 2
\BOOKMARK [1][]{section.2.1}{\376\377\0002\000.\0001\000\040\000R\000e\000l\000a\000t\000e\000d\000\040\000W\000o\000r\000k}{chapter.2}% 3
\BOOKMARK [0][]{chapter.3}{\376\377\0003\000\040\000L\000o\000a\000d\000\040\000B\000a\000l\000a\000n\000c\000e\000r\000\040\000A\000r\000c\000h\000i\000t\000e\000c\000t\000u\000r\000e}{}% 4
\BOOKMARK [1][]{section.3.1}{\376\377\0003\000.\0001\000\040\000P\000r\000o\000b\000l\000e\000m\000s\000\040\000o\000f\000\040\000K\000u\000b\000e\000r\000e\000n\000e\000t\000e\000s}{chapter.3}% 5
\BOOKMARK [1][]{section.3.2}{\376\377\0003\000.\0002\000\040\000P\000r\000o\000p\000o\000s\000e\000d\000\040\000A\000r\000c\000h\000i\000t\000e\000c\000t\000u\000r\000e}{chapter.3}% 6
\BOOKMARK [1][]{section.3.3}{\376\377\0003\000.\0003\000\040\000P\000o\000r\000t\000a\000b\000l\000e\000\040\000L\000o\000a\000d\000\040\000B\000a\000l\000a\000n\000c\000e\000r}{chapter.3}% 7
\BOOKMARK [1][]{section.3.4}{\376\377\0003\000.\0004\000\040\000R\000o\000u\000t\000i\000n\000g\000\040\000a\000n\000d\000\040\000R\000e\000d\000u\000n\000d\000a\000n\000c\000y}{chapter.3}% 8
\BOOKMARK [2][]{subsection.3.4.1}{\376\377\0003\000.\0004\000.\0001\000\040\000O\000v\000e\000r\000l\000a\000y\000\040\000N\000e\000t\000w\000o\000r\000k}{section.3.4}% 9
\BOOKMARK [2][]{subsection.3.4.2}{\376\377\0003\000.\0004\000.\0002\000\040\000E\000C\000M\000P}{section.3.4}% 10
\BOOKMARK [2][]{subsection.3.4.3}{\376\377\0003\000.\0004\000.\0003\000\040\000V\000R\000R\000P}{section.3.4}% 11
\BOOKMARK [2][]{subsection.3.4.4}{\376\377\0003\000.\0004\000.\0004\000\040\000K\000u\000b\000e\000r\000n\000e\000t\000e\000s}{section.3.4}% 12
\BOOKMARK [0][]{chapter.4}{\376\377\0004\000\040\000I\000m\000p\000l\000e\000m\000e\000n\000t\000a\000t\000i\000o\000n}{}% 13
\BOOKMARK [1][]{section.4.1}{\376\377\0004\000.\0001\000\040\000E\000x\000p\000e\000r\000i\000m\000e\000n\000t\000a\000l\000\040\000s\000y\000s\000t\000e\000m\000\040\000a\000r\000c\000h\000i\000t\000e\000c\000t\000u\000r\000e}{chapter.4}% 14
\BOOKMARK [1][]{section.4.2}{\376\377\0004\000.\0002\000\040\000I\000p\000v\000s\000\040\000c\000o\000n\000t\000a\000i\000n\000e\000r}{chapter.4}% 15
\BOOKMARK [1][]{section.4.3}{\376\377\0004\000.\0003\000\040\000B\000G\000P\000\040\000s\000o\000f\000t\000w\000a\000r\000e\000\040\000c\000o\000n\000t\000a\000i\000n\000e\000r}{chapter.4}% 16
\BOOKMARK [1][]{section.4.4}{\376\377\0004\000.\0004\000\040\000i\000n\000g\000r\000e\000s\000s\000\040\000c\000o\000n\000t\000r\000o\000l\000l\000e\000r}{chapter.4}% 17
\BOOKMARK [1][]{section.4.5}{\376\377\0004\000.\0005\000\040\000c\000h\000o\000i\000c\000e\000\040\000b\000g\000p\000\040\000s\000o\000f\000t\000w\000a\000r\000e}{chapter.4}% 18
\BOOKMARK [0][]{chapter.5}{\376\377\0005\000\040\000B\000a\000c\000k\000g\000r\000o\000u\000n\000d}{}% 19
\BOOKMARK [1][]{subsection.5.0.1}{\376\377\0005\000.\0000\000.\0001\000\040\000F\000l\000a\000n\000n\000e\000l}{chapter.5}% 20
\BOOKMARK [2][]{subsection.5.0.2}{\376\377\0005\000.\0000\000.\0002\000\040\000C\000a\000l\000i\000c\000o}{subsection.5.0.1}% 21
\BOOKMARK [1][]{section.5.1}{\376\377\0005\000.\0001\000\040\000M\000u\000l\000t\000i\000c\000o\000r\000e\000\040\000P\000a\000c\000k\000e\000t\000\040\000P\000r\000o\000c\000c\000e\000s\000s\000i\000n\000g}{chapter.5}% 22
\BOOKMARK [2][]{subsection.5.1.1}{\376\377\0005\000.\0001\000.\0001\000\040\000r\000s\000s}{section.5.1}% 23
\BOOKMARK [2][]{subsection.5.1.2}{\376\377\0005\000.\0001\000.\0002\000\040\000r\000p\000s}{section.5.1}% 24
\BOOKMARK [2][]{subsection.5.1.3}{\376\377\0005\000.\0001\000.\0003\000\040\000r\000p\000s}{section.5.1}% 25
\BOOKMARK [2][]{subsection.5.1.4}{\376\377\0005\000.\0001\000.\0004\000\040\000O\000t\000h\000e\000r\000s}{section.5.1}% 26
\BOOKMARK [1][]{section.5.2}{\376\377\0005\000.\0002\000\040\000O\000t\000h\000e\000r\000\040\000p\000a\000r\000a\000m\000e\000t\000e\000r\000s}{chapter.5}% 27
\BOOKMARK [2][]{subsection.5.2.1}{\376\377\0005\000.\0002\000.\0001\000\040\000t\000c\000p\000\040\000c\000o\000n\000g\000e\000s\000t\000i\000o\000n\000\040\000m\000o\000d\000e}{section.5.2}% 28
\BOOKMARK [1][]{section.5.3}{\376\377\0005\000.\0003\000\040\000C\000l\000o\000u\000d\000\040\000L\000o\000a\000d\000\040\000B\000a\000l\000a\000n\000c\000e\000r\000s}{chapter.5}% 29
\BOOKMARK [2][]{subsection.5.3.1}{\376\377\0005\000.\0003\000.\0001\000\040\000M\000a\000g\000l\000e\000v}{section.5.3}% 30
\BOOKMARK [2][]{subsection.5.3.2}{\376\377\0005\000.\0003\000.\0002\000\040\000A\000n\000a\000n\000t\000a}{section.5.3}% 31
\BOOKMARK [2][]{subsection.5.3.3}{\376\377\0005\000.\0003\000.\0003\000\040\000G\000C\000P\000\040\000L\000o\000a\000d\000\040\000B\000a\000l\000a\000n\000c\000e\000r}{section.5.3}% 32
\BOOKMARK [0][]{chapter.6}{\376\377\0006\000\040\000E\000v\000a\000l\000u\000a\000t\000i\000o\000n}{}% 33
\BOOKMARK [1][]{section.6.1}{\376\377\0006\000.\0001\000\040\000S\000i\000n\000g\000l\000e\000\040\000p\000o\000d\000\040\000p\000e\000r\000f\000o\000r\000m\000a\000n\000c\000e}{chapter.6}% 34
\BOOKMARK [2][]{subsection.6.1.1}{\376\377\0006\000.\0001\000.\0001\000\040\000B\000e\000n\000c\000h\000m\000a\000r\000k\000\040\000m\000e\000t\000h\000o\000d}{section.6.1}% 35
\BOOKMARK [2][]{subsection.6.1.2}{\376\377\0006\000.\0001\000.\0002\000\040\000R\000e\000s\000u\000l\000t\000s}{section.6.1}% 36
\BOOKMARK [1][]{section.6.2}{\376\377\0006\000.\0002\000\040\000R\000e\000d\000u\000n\000d\000a\000n\000c\000y\000\040\000a\000n\000d\000\040\000s\000c\000a\000l\000a\000b\000i\000l\000i\000t\000y}{chapter.6}% 37
\BOOKMARK [2][]{subsection.6.2.1}{\376\377\0006\000.\0002\000.\0001\000\040\000B\000a\000s\000i\000c\000\040\000f\000u\000n\000c\000t\000i\000o\000n\000a\000l\000i\000t\000y\000\040\000a\000n\000d\000\040\000p\000o\000r\000t\000a\000b\000i\000l\000i\000t\000y}{section.6.2}% 38
\BOOKMARK [2][]{subsection.6.2.2}{\376\377\0006\000.\0002\000.\0002\000\040\000R\000e\000d\000u\000n\000d\000a\000n\000c\000y\000\040\000a\000n\000d\000\040\000S\000c\000a\000l\000a\000b\000i\000l\000i\000t\000y}{section.6.2}% 39
\BOOKMARK [2][]{subsection.6.2.3}{\376\377\0006\000.\0002\000.\0003\000\040\000R\000e\000s\000o\000u\000r\000c\000e\000\040\000C\000o\000n\000s\000u\000m\000p\000t\000i\000o\000n}{section.6.2}% 40
\BOOKMARK [0][]{chapter.7}{\376\377\0007\000\040\000C\000o\000n\000c\000l\000u\000s\000i\000o\000n}{}% 41
\BOOKMARK [1][]{section.7.1}{\376\377\0007\000.\0001\000\040\000C\000o\000n\000c\000l\000u\000s\000i\000o\000n\000s}{chapter.7}% 42
\BOOKMARK [1][]{section.7.2}{\376\377\0007\000.\0002\000\040\000C\000o\000n\000c\000l\000u\000s\000i\000o\000n\000s}{chapter.7}% 43
\BOOKMARK [0][]{chapter*.1}{\376\377\000B\000i\000b\000l\000i\000o\000g\000r\000a\000p\000h\000y}{}% 44
\BOOKMARK [1][]{section.a..1}{\376\377\000.\0001\000\040\000i\000n\000g\000r\000e\000s\000s\000\040\000c\000o\000n\000t\000r\000o\000l\000l\000e\000r}{chapter*.1}% 45
\BOOKMARK [1][]{section.a..2}{\376\377\000.\0002\000\040\000E\000x\000a\000b\000g\000p\000\040\000c\000o\000n\000f\000i\000g\000u\000r\000a\000t\000i\000o\000n\000\040\000o\000n\000\040\000t\000h\000e\000\040\000l\000o\000a\000d\000\040\000b\000a\000l\000a\000n\000c\000e\000r\000\040\000c\000o\000n\000t\000a\000i\000n\000e\000r\000.}{chapter*.1}% 46
\BOOKMARK [1][]{section.a..3}{\376\377\000.\0003\000\040\000G\000o\000b\000g\000p\000d\000\040\000c\000o\000n\000f\000i\000g\000u\000r\000a\000t\000i\000o\000n\000\040\000o\000n\000\040\000t\000h\000e\000\040\000r\000o\000u\000t\000e\000\040\000r\000e\000f\000l\000e\000c\000t\000o\000r\000.}{chapter*.1}% 47
\BOOKMARK [1][]{section.a..4}{\376\377\000.\0004\000\040\000G\000o\000b\000g\000p\000d\000\040\000a\000n\000d\000\040\000z\000e\000b\000r\000a\000\040\000c\000o\000n\000f\000i\000g\000u\000r\000a\000t\000i\000o\000n\000s\000\040\000o\000n\000\040\000t\000h\000e\000\040\000r\000o\000u\000t\000e\000r\000.}{chapter*.1}% 48
\BOOKMARK [0][]{chapter*.2}{\376\377\000L\000i\000s\000t\000\040\000o\000f\000\040\000F\000i\000g\000u\000r\000e\000s}{}% 49
\BOOKMARK [0][]{chapter*.29}{\376\377\000L\000i\000s\000t\000\040\000o\000f\000\040\000T\000a\000b\000l\000e\000s}{}% 50
